Using pre-set license
Built from '2022.3/staging' branch; Version is '2022.3.26f1 (ec6cd8118806) revision 15494360'; Using compiler version '192829333'; Build Type 'Release'
OS: 'Windows 10  (10.0.19045) 64bit Core' Language: 'de' Physical Memory: 8078 MB
BatchMode: 1, IsHumanControllingUs: 0, StartBugReporterOnCrash: 0, Is64bit: 1, IsPro: 1

COMMAND LINE ARGUMENTS:
D:\UnityHub\Editor\Unity 2022.3.26f1\Editor\Unity.exe
-adb2
-batchMode
-noUpm
-name
AssetImportWorker0
-projectPath
D:/1.Studium/SS2024/Softwareptojekt/repo/Client/Puddle Partners
-logFile
Logs/AssetImportWorker0.log
-srvPort
65251
Successfully changed project path to: D:/1.Studium/SS2024/Softwareptojekt/repo/Client/Puddle Partners
D:/1.Studium/SS2024/Softwareptojekt/repo/Client/Puddle Partners
[UnityMemory] Configuration Parameters - Can be set up in boot.config
    "memorysetup-bucket-allocator-granularity=16"
    "memorysetup-bucket-allocator-bucket-count=8"
    "memorysetup-bucket-allocator-block-size=33554432"
    "memorysetup-bucket-allocator-block-count=8"
    "memorysetup-main-allocator-block-size=16777216"
    "memorysetup-thread-allocator-block-size=16777216"
    "memorysetup-gfx-main-allocator-block-size=16777216"
    "memorysetup-gfx-thread-allocator-block-size=16777216"
    "memorysetup-cache-allocator-block-size=4194304"
    "memorysetup-typetree-allocator-block-size=2097152"
    "memorysetup-profiler-bucket-allocator-granularity=16"
    "memorysetup-profiler-bucket-allocator-bucket-count=8"
    "memorysetup-profiler-bucket-allocator-block-size=33554432"
    "memorysetup-profiler-bucket-allocator-block-count=8"
    "memorysetup-profiler-allocator-block-size=16777216"
    "memorysetup-profiler-editor-allocator-block-size=1048576"
    "memorysetup-temp-allocator-size-main=16777216"
    "memorysetup-job-temp-allocator-block-size=2097152"
    "memorysetup-job-temp-allocator-block-size-background=1048576"
    "memorysetup-job-temp-allocator-reduction-small-platforms=262144"
    "memorysetup-allocator-temp-initial-block-size-main=262144"
    "memorysetup-allocator-temp-initial-block-size-worker=262144"
    "memorysetup-temp-allocator-size-background-worker=32768"
    "memorysetup-temp-allocator-size-job-worker=262144"
    "memorysetup-temp-allocator-size-preload-manager=33554432"
    "memorysetup-temp-allocator-size-nav-mesh-worker=65536"
    "memorysetup-temp-allocator-size-audio-worker=65536"
    "memorysetup-temp-allocator-size-cloud-worker=32768"
    "memorysetup-temp-allocator-size-gi-baking-worker=262144"
    "memorysetup-temp-allocator-size-gfx=262144"
Player connection [12448] Host "[IP] 192.168.2.102 [Port] 0 [Flags] 2 [Guid] 1817384073 [EditorId] 1817384073 [Version] 1048832 [Id] WindowsEditor(7,DESKTOP-I5GBQ94) [Debug] 1 [PackageName] WindowsEditor [ProjectName] Editor" joined multi-casting on [225.0.0.222:54997]...

Player connection [12448] Host "[IP] 192.168.2.102 [Port] 0 [Flags] 2 [Guid] 1817384073 [EditorId] 1817384073 [Version] 1048832 [Id] WindowsEditor(7,DESKTOP-I5GBQ94) [Debug] 1 [PackageName] WindowsEditor [ProjectName] Editor" joined alternative multi-casting on [225.0.0.222:34997]...

[Physics::Module] Initialized MultithreadedJobDispatcher with 3 workers.
Refreshing native plugins compatible for Editor in 3034.03 ms, found 4 plugins.
Preloading 0 native plugins for Editor in 0.00 ms.
Initialize engine version: 2022.3.26f1 (ec6cd8118806)
[Subsystems] Discovering subsystems at path D:/UnityHub/Editor/Unity 2022.3.26f1/Editor/Data/Resources/UnitySubsystems
[Subsystems] Discovering subsystems at path D:/1.Studium/SS2024/Softwareptojekt/repo/Client/Puddle Partners/Assets
GfxDevice: creating device client; threaded=0; jobified=0
Direct3D:
    Version:  Direct3D 11.0 [level 11.1]
    Renderer: NVIDIA GeForce GTX 1050 Ti (ID=0x1c82)
    Vendor:   NVIDIA
    VRAM:     4017 MB
    Driver:   31.0.15.3623
Initialize mono
Mono path[0] = 'D:/UnityHub/Editor/Unity 2022.3.26f1/Editor/Data/Managed'
Mono path[1] = 'D:/UnityHub/Editor/Unity 2022.3.26f1/Editor/Data/MonoBleedingEdge/lib/mono/unityjit-win32'
Mono config path = 'D:/UnityHub/Editor/Unity 2022.3.26f1/Editor/Data/MonoBleedingEdge/etc'
Using monoOptions --debugger-agent=transport=dt_socket,embedding=1,server=y,suspend=n,address=127.0.0.1:56788
Begin MonoManager ReloadAssembly
Registering precompiled unity dll's ...
Register platform support module: D:/UnityHub/Editor/Unity 2022.3.26f1/Editor/Data/PlaybackEngines/WindowsStandaloneSupport/UnityEditor.WindowsStandalone.Extensions.dll
Registered in 0.173729 seconds.
- Loaded All Assemblies, in  4.404 seconds
Native extension for WindowsStandalone target not found
Mono: successfully reloaded assembly
- Finished resetting the current domain, in  0.884 seconds
Domain Reload Profiling: 5287ms
	BeginReloadAssembly (2533ms)
		ExecutionOrderSort (0ms)
		DisableScriptedObjects (0ms)
		BackupInstance (0ms)
		ReleaseScriptingObjects (1ms)
		CreateAndSetChildDomain (15ms)
	RebuildCommonClasses (155ms)
	RebuildNativeTypeToScriptingClass (67ms)
	initialDomainReloadingComplete (699ms)
	LoadAllAssembliesAndSetupDomain (949ms)
		LoadAssemblies (2506ms)
		RebuildTransferFunctionScriptingTraits (0ms)
		AnalyzeDomain (906ms)
			TypeCache.Refresh (875ms)
				TypeCache.ScanAssembly (735ms)
			ScanForSourceGeneratedMonoScriptInfo (13ms)
			ResolveRequiredComponents (17ms)
	FinalizeReload (884ms)
		ReleaseScriptCaches (0ms)
		RebuildScriptCaches (0ms)
		SetupLoadedEditorAssemblies (722ms)
			LogAssemblyErrors (0ms)
			InitializePlatformSupportModulesInManaged (54ms)
			SetLoadedEditorAssemblies (22ms)
			RefreshPlugins (0ms)
			BeforeProcessingInitializeOnLoad (33ms)
			ProcessInitializeOnLoadAttributes (506ms)
			ProcessInitializeOnLoadMethodAttributes (105ms)
			AfterProcessingInitializeOnLoad (0ms)
			EditorAssembliesLoaded (0ms)
		ExecutionOrderSort2 (0ms)
		AwakeInstancesAfterBackupRestoration (0ms)
========================================================================
Worker process is ready to serve import requests
Begin MonoManager ReloadAssembly
Symbol file LoadedFromMemory is not a mono symbol file
- Loaded All Assemblies, in  3.187 seconds
Refreshing native plugins compatible for Editor in 141.20 ms, found 4 plugins.
Native extension for WindowsStandalone target not found
Package Manager log level set to [2]
[Package Manager] Server::EnsureServerProcessIsRunning -- launch failed, reason: Unity was launched with the -noUpm command-line argument
[Package Manager] UpmClient::Send -- Unable to send message (not connected to UPM process).
[Package Manager] Cannot connect to Unity Package Manager local server
Mono: successfully reloaded assembly
- Finished resetting the current domain, in  1.658 seconds
Domain Reload Profiling: 4843ms
	BeginReloadAssembly (430ms)
		ExecutionOrderSort (0ms)
		DisableScriptedObjects (13ms)
		BackupInstance (0ms)
		ReleaseScriptingObjects (0ms)
		CreateAndSetChildDomain (45ms)
	RebuildCommonClasses (90ms)
	RebuildNativeTypeToScriptingClass (22ms)
	initialDomainReloadingComplete (112ms)
	LoadAllAssembliesAndSetupDomain (2529ms)
		LoadAssemblies (2291ms)
		RebuildTransferFunctionScriptingTraits (0ms)
		AnalyzeDomain (535ms)
			TypeCache.Refresh (443ms)
				TypeCache.ScanAssembly (402ms)
			ScanForSourceGeneratedMonoScriptInfo (75ms)
			ResolveRequiredComponents (15ms)
	FinalizeReload (1659ms)
		ReleaseScriptCaches (0ms)
		RebuildScriptCaches (0ms)
		SetupLoadedEditorAssemblies (1313ms)
			LogAssemblyErrors (0ms)
			InitializePlatformSupportModulesInManaged (9ms)
			SetLoadedEditorAssemblies (9ms)
			RefreshPlugins (0ms)
			BeforeProcessingInitializeOnLoad (163ms)
			ProcessInitializeOnLoadAttributes (996ms)
			ProcessInitializeOnLoadMethodAttributes (129ms)
			AfterProcessingInitializeOnLoad (7ms)
			EditorAssembliesLoaded (1ms)
		ExecutionOrderSort2 (0ms)
		AwakeInstancesAfterBackupRestoration (13ms)
Launched and connected shader compiler UnityShaderCompiler.exe after 0.37 seconds
Refreshing native plugins compatible for Editor in 15.39 ms, found 4 plugins.
Preloading 0 native plugins for Editor in 0.00 ms.
Unloading 5841 Unused Serialized files (Serialized files now loaded: 0)
Unloading 97 unused Assets / (0.6 MB). Loaded Objects now: 6282.
Memory consumption went from 187.1 MB to 186.5 MB.
Total: 7.644100 ms (FindLiveObjects: 0.687900 ms CreateObjectMapping: 0.926500 ms MarkObjects: 5.463500 ms  DeleteObjects: 0.565000 ms)

AssetImportParameters requested are different than current active one (requested -> active):
  custom:container-demuxer-ogg: 62fdf1f143b41e24485cea50d1cbac27 -> 
  custom:video-decoder-ogg-theora: a1e56fd34408186e4bbccfd4996cb3dc -> 
  custom:framework-win-MediaFoundation: 216162199b28c13a410421893ffa2e32 -> 
  custom:CustomObjectIndexerAttribute: 9a22284fe3817be447336de3de66b15e -> 
  custom:container-demuxer-webm: 4f35f7cbe854078d1ac9338744f61a02 -> 
  custom:container-muxer-webm: aa71ff27fc2769a1b78a27578f13a17b -> 
  custom:video-decoder-webm-vp8: 9c59270c3fd7afecdb556c50c9e8de78 -> 
  custom:SearchIndexIgnoredProperties: e643bd26f0fe6173181afceb89e7c659 -> 
  custom:AudioImporter_EditorPlatform: d09bf68614088b80899f8185d706f6e7 -> 
  custom:video-encoder-webm-vp8: eb34c28f22e8b96e1ab97ce403110664 -> 
  custom:audio-decoder-ogg-vorbis: bf7c407c2cedff20999df2af8eb42d56 -> 
  custom:audio-encoder-webm-vorbis: bf7c407c2cedff20999df2af8eb42d56 -> 
========================================================================
Received Prepare
Begin MonoManager ReloadAssembly
Symbol file LoadedFromMemory is not a mono symbol file
- Loaded All Assemblies, in  1.161 seconds
Refreshing native plugins compatible for Editor in 12.08 ms, found 4 plugins.
Native extension for WindowsStandalone target not found
[Package Manager] Server::EnsureServerProcessIsRunning -- launch failed, reason: Unity was launched with the -noUpm command-line argument
[Package Manager] UpmClient::Send -- Unable to send message (not connected to UPM process).
[Package Manager] Cannot connect to Unity Package Manager local server
Mono: successfully reloaded assembly
- Finished resetting the current domain, in 24.629 seconds
Domain Reload Profiling: 25788ms
	BeginReloadAssembly (464ms)
		ExecutionOrderSort (0ms)
		DisableScriptedObjects (36ms)
		BackupInstance (0ms)
		ReleaseScriptingObjects (0ms)
		CreateAndSetChildDomain (103ms)
	RebuildCommonClasses (63ms)
	RebuildNativeTypeToScriptingClass (20ms)
	initialDomainReloadingComplete (53ms)
	LoadAllAssembliesAndSetupDomain (557ms)
		LoadAssemblies (803ms)
		RebuildTransferFunctionScriptingTraits (0ms)
		AnalyzeDomain (30ms)
			TypeCache.Refresh (11ms)
				TypeCache.ScanAssembly (0ms)
			ScanForSourceGeneratedMonoScriptInfo (0ms)
			ResolveRequiredComponents (17ms)
	FinalizeReload (24630ms)
		ReleaseScriptCaches (0ms)
		RebuildScriptCaches (0ms)
		SetupLoadedEditorAssemblies (958ms)
			LogAssemblyErrors (0ms)
			InitializePlatformSupportModulesInManaged (10ms)
			SetLoadedEditorAssemblies (8ms)
			RefreshPlugins (0ms)
			BeforeProcessingInitializeOnLoad (166ms)
			ProcessInitializeOnLoadAttributes (682ms)
			ProcessInitializeOnLoadMethodAttributes (85ms)
			AfterProcessingInitializeOnLoad (5ms)
			EditorAssembliesLoaded (1ms)
		ExecutionOrderSort2 (0ms)
		AwakeInstancesAfterBackupRestoration (23ms)
Refreshing native plugins compatible for Editor in 10.96 ms, found 4 plugins.
Preloading 0 native plugins for Editor in 0.00 ms.
Unloading 5825 Unused Serialized files (Serialized files now loaded: 0)
Unloading 56 unused Assets / (0.6 MB). Loaded Objects now: 6299.
Memory consumption went from 183.4 MB to 182.9 MB.
Total: 7.807900 ms (FindLiveObjects: 0.742800 ms CreateObjectMapping: 1.264600 ms MarkObjects: 4.931900 ms  DeleteObjects: 0.867500 ms)

Prepare: number of updated asset objects reloaded= 0
AssetImportParameters requested are different than current active one (requested -> active):
  custom:container-demuxer-ogg: 62fdf1f143b41e24485cea50d1cbac27 -> 
  custom:video-decoder-ogg-theora: a1e56fd34408186e4bbccfd4996cb3dc -> 
  custom:framework-win-MediaFoundation: 216162199b28c13a410421893ffa2e32 -> 
  custom:CustomObjectIndexerAttribute: 9a22284fe3817be447336de3de66b15e -> 
  custom:container-demuxer-webm: 4f35f7cbe854078d1ac9338744f61a02 -> 
  custom:container-muxer-webm: aa71ff27fc2769a1b78a27578f13a17b -> 
  custom:video-decoder-webm-vp8: 9c59270c3fd7afecdb556c50c9e8de78 -> 
  custom:SearchIndexIgnoredProperties: e643bd26f0fe6173181afceb89e7c659 -> 
  custom:AudioImporter_EditorPlatform: d09bf68614088b80899f8185d706f6e7 -> 
  custom:video-encoder-webm-vp8: eb34c28f22e8b96e1ab97ce403110664 -> 
  custom:audio-decoder-ogg-vorbis: bf7c407c2cedff20999df2af8eb42d56 -> 
  custom:audio-encoder-webm-vorbis: bf7c407c2cedff20999df2af8eb42d56 -> 
========================================================================
Received Import Request.
  Time since last request: 175098.927621 seconds.
  path: Assets/DefaultNetworkPrefabs.asset
  artifactKey: Guid(71de77c7793ea4146b826bb612823d51) Importer(815301076,1909f56bfc062723c751e8b465ee728b)
Start importing Assets/DefaultNetworkPrefabs.asset using Guid(71de77c7793ea4146b826bb612823d51) Importer(815301076,1909f56bfc062723c751e8b465ee728b)  -> (artifact id: '685e4694e486b7a628b3ab3be70e6df7') in 0.159260 seconds
Number of updated asset objects reloaded before import = 0
Number of asset objects unloaded after import = 32
========================================================================
Received Import Request.
  Time since last request: 0.000028 seconds.
  path: Assets/Scenes/Level_1.unity
  artifactKey: Guid(2aa376612ce797d4b86f11858b446707) Importer(815301076,1909f56bfc062723c751e8b465ee728b)
Start importing Assets/Scenes/Level_1.unity using Guid(2aa376612ce797d4b86f11858b446707) Importer(815301076,1909f56bfc062723c751e8b465ee728b)  -> (artifact id: 'ae7c6c855c9d4da1d8a7243b0097a900') in 0.000933 seconds
Number of updated asset objects reloaded before import = 0
Number of asset objects unloaded after import = 0
========================================================================
Received Import Request.
  Time since last request: 0.000022 seconds.
  path: Assets/PlayerMovement.cs
  artifactKey: Guid(c1be6fdcc2b712c45bc90852cd9927e6) Importer(815301076,1909f56bfc062723c751e8b465ee728b)
Start importing Assets/PlayerMovement.cs using Guid(c1be6fdcc2b712c45bc90852cd9927e6) Importer(815301076,1909f56bfc062723c751e8b465ee728b)  -> (artifact id: '60a59219ebd1a636c3b6eea7d9346128') in 0.001122 seconds
Number of updated asset objects reloaded before import = 0
Number of asset objects unloaded after import = 0
========================================================================
Received Import Request.
  Time since last request: 0.000024 seconds.
  path: Assets/Prefabs/Player.prefab
  artifactKey: Guid(8bce3b7a638025c4d998feb7a91315ab) Importer(815301076,1909f56bfc062723c751e8b465ee728b)
Start importing Assets/Prefabs/Player.prefab using Guid(8bce3b7a638025c4d998feb7a91315ab) Importer(815301076,1909f56bfc062723c751e8b465ee728b)  -> (artifact id: '39b3a06c29de6276d415029ee60ea45f') in 0.533046 seconds
Number of updated asset objects reloaded before import = 0
Number of asset objects unloaded after import = 33
========================================================================
Received Import Request.
  Time since last request: 0.000091 seconds.
  path: Assets/NetworkPrefabs.asset
  artifactKey: Guid(80125a2b3dbff4d45b9fc8e07d98d7c2) Importer(815301076,1909f56bfc062723c751e8b465ee728b)
Start importing Assets/NetworkPrefabs.asset using Guid(80125a2b3dbff4d45b9fc8e07d98d7c2) Importer(815301076,1909f56bfc062723c751e8b465ee728b)  -> (artifact id: '5ef43101d8220b4cdc128ae6d1879489') in 0.005113 seconds
Number of updated asset objects reloaded before import = 0
Number of asset objects unloaded after import = 32
========================================================================
Received Import Request.
  Time since last request: 90.467208 seconds.
  path: Assets/Materials/Full Friction.physicsMaterial2D
  artifactKey: Guid(d253c06f268a7b546ba4e1c6ad683054) Importer(815301076,1909f56bfc062723c751e8b465ee728b)
Start importing Assets/Materials/Full Friction.physicsMaterial2D using Guid(d253c06f268a7b546ba4e1c6ad683054) Importer(815301076,1909f56bfc062723c751e8b465ee728b)  -> (artifact id: 'c9ed6bf2308bc96f32597a0e19e0743e') in 0.003223 seconds
Number of updated asset objects reloaded before import = 0
Number of asset objects unloaded after import = 1
========================================================================
Received Import Request.
  Time since last request: 0.000022 seconds.
  path: Assets/Materials/No Friction.physicsMaterial2D
  artifactKey: Guid(06479737b79dbf7408f25b9ef021f8bd) Importer(815301076,1909f56bfc062723c751e8b465ee728b)
Start importing Assets/Materials/No Friction.physicsMaterial2D using Guid(06479737b79dbf7408f25b9ef021f8bd) Importer(815301076,1909f56bfc062723c751e8b465ee728b)  -> (artifact id: 'e14ee1560c0addb9df80037b21aea6ab') in 0.005036 seconds
Number of updated asset objects reloaded before import = 0
Number of asset objects unloaded after import = 1
========================================================================
Received Import Request.
  Time since last request: 0.000086 seconds.
  path: Assets/Materials/Slippery.physicsMaterial2D
  artifactKey: Guid(3442ca7a02066134f9f8a20048d18369) Importer(815301076,1909f56bfc062723c751e8b465ee728b)
Start importing Assets/Materials/Slippery.physicsMaterial2D using Guid(3442ca7a02066134f9f8a20048d18369) Importer(815301076,1909f56bfc062723c751e8b465ee728b)  -> (artifact id: '6e990e9dd232e195d1d80c841153704a') in 0.001907 seconds
Number of updated asset objects reloaded before import = 0
Number of asset objects unloaded after import = 1
========================================================================
Received Import Request.
  Time since last request: 0.735077 seconds.
  path: Assets/images/key_black.png
  artifactKey: Guid(0579fac6455938545ac414a481aa696f) Importer(815301076,1909f56bfc062723c751e8b465ee728b)
Start importing Assets/images/key_black.png using Guid(0579fac6455938545ac414a481aa696f) Importer(815301076,1909f56bfc062723c751e8b465ee728b)  -> (artifact id: '6557a5685e10977dc0cfca75488711ee') in 0.425084 seconds
Number of updated asset objects reloaded before import = 0
Number of asset objects unloaded after import = 3
========================================================================
Received Import Request.
  Time since last request: 0.000029 seconds.
  path: Assets/images/key_yellow.png
  artifactKey: Guid(4f25f90341da54c41b297a2a6d2cce02) Importer(815301076,1909f56bfc062723c751e8b465ee728b)
Start importing Assets/images/key_yellow.png using Guid(4f25f90341da54c41b297a2a6d2cce02) Importer(815301076,1909f56bfc062723c751e8b465ee728b)  -> (artifact id: '241fbbd89aad479a082fd6c206f2c247') in 0.054431 seconds
Number of updated asset objects reloaded before import = 0
Number of asset objects unloaded after import = 3
========================================================================
Received Import Request.
  Time since last request: 0.000035 seconds.
  path: Assets/images/key_white.png
  artifactKey: Guid(379d357272178724da61f222e1fedeea) Importer(815301076,1909f56bfc062723c751e8b465ee728b)
Start importing Assets/images/key_white.png using Guid(379d357272178724da61f222e1fedeea) Importer(815301076,1909f56bfc062723c751e8b465ee728b)  -> (artifact id: '1164829ef6c1e4446f68c34d263912fd') in 0.077233 seconds
Number of updated asset objects reloaded before import = 0
Number of asset objects unloaded after import = 3
========================================================================
Received Import Request.
  Time since last request: 0.000208 seconds.
  path: Assets/images/key_gold.png
  artifactKey: Guid(6c3bc84297b0b0d4eaf2ebe80d1e0da7) Importer(815301076,1909f56bfc062723c751e8b465ee728b)
Start importing Assets/images/key_gold.png using Guid(6c3bc84297b0b0d4eaf2ebe80d1e0da7) Importer(815301076,1909f56bfc062723c751e8b465ee728b)  -> (artifact id: '71f739e456cf8127b993f46918a7ea58') in 0.051295 seconds
Number of updated asset objects reloaded before import = 0
Number of asset objects unloaded after import = 3
========================================================================
Received Import Request.
  Time since last request: 0.000017 seconds.
  path: Assets/images/user.png
  artifactKey: Guid(7f73b1447cea7f04cbf0bf0489152879) Importer(815301076,1909f56bfc062723c751e8b465ee728b)
Start importing Assets/images/user.png using Guid(7f73b1447cea7f04cbf0bf0489152879) Importer(815301076,1909f56bfc062723c751e8b465ee728b)  -> (artifact id: '3b62a3f12abe22c3f800aca4c4fa54ee') in 0.036752 seconds
Number of updated asset objects reloaded before import = 0
Number of asset objects unloaded after import = 3
========================================================================
Received Import Request.
  Time since last request: 0.000030 seconds.
  path: Assets/images/quit.png
  artifactKey: Guid(ed8d11cdd6cb5464f9f2000b17c4c581) Importer(815301076,1909f56bfc062723c751e8b465ee728b)
Start importing Assets/images/quit.png using Guid(ed8d11cdd6cb5464f9f2000b17c4c581) Importer(815301076,1909f56bfc062723c751e8b465ee728b)  -> (artifact id: '14e068c86cbd9d9ddd9f3f6b259e6537') in 0.087440 seconds
Number of updated asset objects reloaded before import = 0
Number of asset objects unloaded after import = 3
========================================================================
Received Import Request.
  Time since last request: 0.000023 seconds.
  path: Assets/images/login_2.png
  artifactKey: Guid(8696f4ebc8dd7fe4688cf09e0aa94eb8) Importer(815301076,1909f56bfc062723c751e8b465ee728b)
Start importing Assets/images/login_2.png using Guid(8696f4ebc8dd7fe4688cf09e0aa94eb8) Importer(815301076,1909f56bfc062723c751e8b465ee728b)  -> (artifact id: 'b1a7b749d60751a849327f305917c81b') in 0.065740 seconds
Number of updated asset objects reloaded before import = 0
Number of asset objects unloaded after import = 3
========================================================================
Received Import Request.
  Time since last request: 14.252800 seconds.
  path: Assets/images
  artifactKey: Guid(a9d41d6a6b00b7746a1517a2d599aa84) Importer(815301076,1909f56bfc062723c751e8b465ee728b)
Start importing Assets/images using Guid(a9d41d6a6b00b7746a1517a2d599aa84) Importer(815301076,1909f56bfc062723c751e8b465ee728b)  -> (artifact id: 'e48158316f03f0798fd87c88dbf26dff') in 0.000545 seconds
Number of updated asset objects reloaded before import = 0
Number of asset objects unloaded after import = 0
========================================================================
Received Import Request.
  Time since last request: 46.511438 seconds.
  path: Assets/TextMesh Pro/Fonts
  artifactKey: Guid(6ab70aee4d56447429c680537fbf93ed) Importer(815301076,1909f56bfc062723c751e8b465ee728b)
Start importing Assets/TextMesh Pro/Fonts using Guid(6ab70aee4d56447429c680537fbf93ed) Importer(815301076,1909f56bfc062723c751e8b465ee728b)  -> (artifact id: '5b7b30d0df451c4b33610948ff48b530') in 0.000940 seconds
Number of updated asset objects reloaded before import = 0
Number of asset objects unloaded after import = 0
========================================================================
Received Import Request.
  Time since last request: 68.579689 seconds.
  path: Assets/Scripts
  artifactKey: Guid(e86600574d5835c408daa4711249d40c) Importer(815301076,1909f56bfc062723c751e8b465ee728b)
Start importing Assets/Scripts using Guid(e86600574d5835c408daa4711249d40c) Importer(815301076,1909f56bfc062723c751e8b465ee728b)  -> (artifact id: '0db2b2e1c0e4c1f0864bacd9e34ce78e') in 0.009943 seconds
Number of updated asset objects reloaded before import = 0
Number of asset objects unloaded after import = 0
========================================================================
Received Import Request.
  Time since last request: 0.812921 seconds.
  path: Assets/Scripts/PlayerMovement2D.cs
  artifactKey: Guid(9ad2824dfc3cc604792c121f918038ee) Importer(815301076,1909f56bfc062723c751e8b465ee728b)
Start importing Assets/Scripts/PlayerMovement2D.cs using Guid(9ad2824dfc3cc604792c121f918038ee) Importer(815301076,1909f56bfc062723c751e8b465ee728b)  -> (artifact id: '86be27d3b411b757ecacc2aa979459f3') in 0.007068 seconds
Number of updated asset objects reloaded before import = 0
Number of asset objects unloaded after import = 0
TcpMessagingSession - receive error
AssetImportWorkerClient::OnTransportError - code=10054 error=Eine vorhandene Verbindung wurde vom Remotehost geschlossen.
